
*** Running vivado
    with args -log dig_clock.vds -m64 -product Vivado -mode batch -messageDb vivado.pb -notrace -source dig_clock.tcl


****** Vivado v2018.2 (64-bit)
  **** SW Build 2258646 on Thu Jun 14 20:03:12 MDT 2018
  **** IP Build 2256618 on Thu Jun 14 22:10:49 MDT 2018
    ** Copyright 1986-2018 Xilinx, Inc. All Rights Reserved.

source dig_clock.tcl -notrace
Command: synth_design -top dig_clock -part xc7a35tftg256-1
Starting synth_design
Attempting to get a license for feature 'Synthesis' and/or device 'xc7a35t'
INFO: [Common 17-349] Got license for feature 'Synthesis' and/or device 'xc7a35t'
INFO: Launching helper process for spawning children vivado processes
INFO: Helper process launched with PID 22492 
---------------------------------------------------------------------------------
Starting RTL Elaboration : Time (s): cpu = 00:00:02 ; elapsed = 00:00:02 . Memory (MB): peak = 359.152 ; gain = 96.793
---------------------------------------------------------------------------------
INFO: [Synth 8-6157] synthesizing module 'dig_clock' [D:/MyCodes/vivado/dig_clock/dig_clock.srcs/sources_1/new/dig_clock.sv:3]
INFO: [Synth 8-6157] synthesizing module 'en_clock' [D:/MyCodes/vivado/dig_clock/dig_clock.srcs/sources_1/new/en_clock.sv:23]
	Parameter v bound to: 25000 - type: integer 
INFO: [Synth 8-6155] done synthesizing module 'en_clock' (1#1) [D:/MyCodes/vivado/dig_clock/dig_clock.srcs/sources_1/new/en_clock.sv:23]
INFO: [Synth 8-6157] synthesizing module 'counter' [D:/MyCodes/vivado/dig_clock/dig_clock.srcs/sources_1/new/counter.sv:23]
	Parameter v bound to: 25000000 - type: integer 
INFO: [Synth 8-6157] synthesizing module 'pos_detect' [D:/MyCodes/vivado/dig_clock/dig_clock.srcs/sources_1/new/pos_detect.sv:23]
INFO: [Synth 8-6155] done synthesizing module 'pos_detect' (2#1) [D:/MyCodes/vivado/dig_clock/dig_clock.srcs/sources_1/new/pos_detect.sv:23]
INFO: [Synth 8-6155] done synthesizing module 'counter' (3#1) [D:/MyCodes/vivado/dig_clock/dig_clock.srcs/sources_1/new/counter.sv:23]
INFO: [Synth 8-6157] synthesizing module 'bin2bcd_0' [D:/MyCodes/vivado/dig_clock/dig_clock.runs/synth_1/.Xil/Vivado-13080-DESKTOP-F9B13MH/realtime/bin2bcd_0_stub.v:6]
INFO: [Synth 8-6155] done synthesizing module 'bin2bcd_0' (4#1) [D:/MyCodes/vivado/dig_clock/dig_clock.runs/synth_1/.Xil/Vivado-13080-DESKTOP-F9B13MH/realtime/bin2bcd_0_stub.v:6]
INFO: [Synth 8-6157] synthesizing module 'x7seg' [D:/MyCodes/vivado/dig_clock/dig_clock.srcs/sources_1/new/x7seg.sv:23]
INFO: [Synth 8-6157] synthesizing module 'x7seg_a' [D:/MyCodes/vivado/dig_clock/dig_clock.srcs/sources_1/new/x7seg_a.sv:23]
INFO: [Synth 8-6155] done synthesizing module 'x7seg_a' (5#1) [D:/MyCodes/vivado/dig_clock/dig_clock.srcs/sources_1/new/x7seg_a.sv:23]
INFO: [Synth 8-6155] done synthesizing module 'x7seg' (6#1) [D:/MyCodes/vivado/dig_clock/dig_clock.srcs/sources_1/new/x7seg.sv:23]
INFO: [Synth 8-6155] done synthesizing module 'dig_clock' (7#1) [D:/MyCodes/vivado/dig_clock/dig_clock.srcs/sources_1/new/dig_clock.sv:3]
---------------------------------------------------------------------------------
Finished RTL Elaboration : Time (s): cpu = 00:00:02 ; elapsed = 00:00:02 . Memory (MB): peak = 413.578 ; gain = 151.219
---------------------------------------------------------------------------------

Report Check Netlist: 
+------+------------------+-------+---------+-------+------------------+
|      |Item              |Errors |Warnings |Status |Description       |
+------+------------------+-------+---------+-------+------------------+
|1     |multi_driven_nets |      0|        0|Passed |Multi driven nets |
+------+------------------+-------+---------+-------+------------------+
---------------------------------------------------------------------------------
Start Handling Custom Attributes
---------------------------------------------------------------------------------
---------------------------------------------------------------------------------
Finished Handling Custom Attributes : Time (s): cpu = 00:00:02 ; elapsed = 00:00:02 . Memory (MB): peak = 413.578 ; gain = 151.219
---------------------------------------------------------------------------------
---------------------------------------------------------------------------------
Finished RTL Optimization Phase 1 : Time (s): cpu = 00:00:02 ; elapsed = 00:00:02 . Memory (MB): peak = 413.578 ; gain = 151.219
---------------------------------------------------------------------------------
INFO: [Device 21-403] Loading part xc7a35tftg256-1
INFO: [Project 1-570] Preparing netlist for logic optimization

Processing XDC Constraints
Initializing timing engine
Parsing XDC File [d:/MyCodes/vivado/dig_clock/dig_clock.srcs/sources_1/ip/bin2bcd_0/bin2bcd_0/bin2bcd_0_in_context.xdc] for cell 'bin2bcd_min'
Finished Parsing XDC File [d:/MyCodes/vivado/dig_clock/dig_clock.srcs/sources_1/ip/bin2bcd_0/bin2bcd_0/bin2bcd_0_in_context.xdc] for cell 'bin2bcd_min'
Parsing XDC File [d:/MyCodes/vivado/dig_clock/dig_clock.srcs/sources_1/ip/bin2bcd_0/bin2bcd_0/bin2bcd_0_in_context.xdc] for cell 'bin2bcd_sec'
Finished Parsing XDC File [d:/MyCodes/vivado/dig_clock/dig_clock.srcs/sources_1/ip/bin2bcd_0/bin2bcd_0/bin2bcd_0_in_context.xdc] for cell 'bin2bcd_sec'
Parsing XDC File [D:/MyCodes/vivado/dig_clock/dig_clock.srcs/constrs_1/new/dig_clock.xdc]
Finished Parsing XDC File [D:/MyCodes/vivado/dig_clock/dig_clock.srcs/constrs_1/new/dig_clock.xdc]
INFO: [Project 1-236] Implementation specific constraints were found while reading constraint file [D:/MyCodes/vivado/dig_clock/dig_clock.srcs/constrs_1/new/dig_clock.xdc]. These constraints will be ignored for synthesis but will be used in implementation. Impacted constraints are listed in the file [.Xil/dig_clock_propImpl.xdc].
Resolution: To avoid this warning, move constraints listed in [.Xil/dig_clock_propImpl.xdc] to another XDC file and exclude this new file from synthesis with the used_in_synthesis property (File Properties dialog in GUI) and re-run elaboration/synthesis.
Completed Processing XDC Constraints

INFO: [Project 1-111] Unisim Transformation Summary:
No Unisim elements were transformed.

Constraint Validation Runtime : Time (s): cpu = 00:00:00 ; elapsed = 00:00:00.002 . Memory (MB): peak = 745.949 ; gain = 0.000
---------------------------------------------------------------------------------
Finished Constraint Validation : Time (s): cpu = 00:00:08 ; elapsed = 00:00:09 . Memory (MB): peak = 745.949 ; gain = 483.590
---------------------------------------------------------------------------------
---------------------------------------------------------------------------------
Start Loading Part and Timing Information
---------------------------------------------------------------------------------
Loading part: xc7a35tftg256-1
---------------------------------------------------------------------------------
Finished Loading Part and Timing Information : Time (s): cpu = 00:00:08 ; elapsed = 00:00:09 . Memory (MB): peak = 745.949 ; gain = 483.590
---------------------------------------------------------------------------------
---------------------------------------------------------------------------------
Start Applying 'set_property' XDC Constraints
---------------------------------------------------------------------------------
Applied set_property DONT_TOUCH = true for bin2bcd_min. (constraint file  auto generated constraint, line ).
Applied set_property DONT_TOUCH = true for bin2bcd_sec. (constraint file  auto generated constraint, line ).
---------------------------------------------------------------------------------
Finished applying 'set_property' XDC Constraints : Time (s): cpu = 00:00:08 ; elapsed = 00:00:09 . Memory (MB): peak = 745.949 ; gain = 483.590
---------------------------------------------------------------------------------
INFO: [Synth 8-5546] ROM "en" won't be mapped to RAM because it is too sparse
---------------------------------------------------------------------------------
Finished RTL Optimization Phase 2 : Time (s): cpu = 00:00:08 ; elapsed = 00:00:10 . Memory (MB): peak = 745.949 ; gain = 483.590
---------------------------------------------------------------------------------

Report RTL Partitions: 
+-+--------------+------------+----------+
| |RTL Partition |Replication |Instances |
+-+--------------+------------+----------+
+-+--------------+------------+----------+
---------------------------------------------------------------------------------
Start RTL Component Statistics 
---------------------------------------------------------------------------------
Detailed RTL Component Info : 
+---Adders : 
	   2 Input     26 Bit       Adders := 1     
	   2 Input     16 Bit       Adders := 1     
	   2 Input      8 Bit       Adders := 2     
	   2 Input      2 Bit       Adders := 1     
+---Registers : 
	               26 Bit    Registers := 1     
	               16 Bit    Registers := 1     
	                8 Bit    Registers := 2     
	                4 Bit    Registers := 2     
	                2 Bit    Registers := 2     
	                1 Bit    Registers := 1     
+---Muxes : 
	   2 Input     26 Bit        Muxes := 1     
	   2 Input     16 Bit        Muxes := 1     
	   2 Input      8 Bit        Muxes := 6     
	   4 Input      4 Bit        Muxes := 2     
	   2 Input      2 Bit        Muxes := 1     
	   2 Input      1 Bit        Muxes := 7     
	   4 Input      1 Bit        Muxes := 1     
---------------------------------------------------------------------------------
Finished RTL Component Statistics 
---------------------------------------------------------------------------------
---------------------------------------------------------------------------------
Start RTL Hierarchical Component Statistics 
---------------------------------------------------------------------------------
Hierarchical RTL Component report 
Module en_clock 
Detailed RTL Component Info : 
+---Adders : 
	   2 Input     16 Bit       Adders := 1     
+---Registers : 
	               16 Bit    Registers := 1     
+---Muxes : 
	   2 Input     16 Bit        Muxes := 1     
	   2 Input      1 Bit        Muxes := 1     
Module pos_detect 
Detailed RTL Component Info : 
+---Registers : 
	                2 Bit    Registers := 1     
Module counter 
Detailed RTL Component Info : 
+---Adders : 
	   2 Input     26 Bit       Adders := 1     
	   2 Input      8 Bit       Adders := 2     
+---Registers : 
	               26 Bit    Registers := 1     
	                8 Bit    Registers := 2     
	                1 Bit    Registers := 1     
+---Muxes : 
	   2 Input     26 Bit        Muxes := 1     
	   2 Input      8 Bit        Muxes := 6     
	   2 Input      1 Bit        Muxes := 6     
	   4 Input      1 Bit        Muxes := 1     
Module x7seg 
Detailed RTL Component Info : 
+---Adders : 
	   2 Input      2 Bit       Adders := 1     
+---Registers : 
	                4 Bit    Registers := 2     
	                2 Bit    Registers := 1     
+---Muxes : 
	   4 Input      4 Bit        Muxes := 2     
	   2 Input      2 Bit        Muxes := 1     
---------------------------------------------------------------------------------
Finished RTL Hierarchical Component Statistics
---------------------------------------------------------------------------------
---------------------------------------------------------------------------------
Start Part Resource Summary
---------------------------------------------------------------------------------
Part Resources:
DSPs: 90 (col length:60)
BRAMs: 100 (col length: RAMB18 60 RAMB36 30)
---------------------------------------------------------------------------------
Finished Part Resource Summary
---------------------------------------------------------------------------------
---------------------------------------------------------------------------------
Start Cross Boundary and Area Optimization
---------------------------------------------------------------------------------
Warning: Parallel synthesis criteria is not met 
INFO: [Synth 8-5546] ROM "enc/en" won't be mapped to RAM because it is too sparse
---------------------------------------------------------------------------------
Finished Cross Boundary and Area Optimization : Time (s): cpu = 00:00:09 ; elapsed = 00:00:10 . Memory (MB): peak = 745.949 ; gain = 483.590
---------------------------------------------------------------------------------

Report RTL Partitions: 
+-+--------------+------------+----------+
| |RTL Partition |Replication |Instances |
+-+--------------+------------+----------+
+-+--------------+------------+----------+
---------------------------------------------------------------------------------
Start Applying XDC Timing Constraints
---------------------------------------------------------------------------------
---------------------------------------------------------------------------------
Finished Applying XDC Timing Constraints : Time (s): cpu = 00:00:14 ; elapsed = 00:00:16 . Memory (MB): peak = 745.949 ; gain = 483.590
---------------------------------------------------------------------------------
---------------------------------------------------------------------------------
Start Timing Optimization
---------------------------------------------------------------------------------
---------------------------------------------------------------------------------
Finished Timing Optimization : Time (s): cpu = 00:00:14 ; elapsed = 00:00:17 . Memory (MB): peak = 759.039 ; gain = 496.680
---------------------------------------------------------------------------------

Report RTL Partitions: 
+-+--------------+------------+----------+
| |RTL Partition |Replication |Instances |
+-+--------------+------------+----------+
+-+--------------+------------+----------+
---------------------------------------------------------------------------------
Start Technology Mapping
---------------------------------------------------------------------------------
---------------------------------------------------------------------------------
Finished Technology Mapping : Time (s): cpu = 00:00:14 ; elapsed = 00:00:17 . Memory (MB): peak = 759.859 ; gain = 497.500
---------------------------------------------------------------------------------

Report RTL Partitions: 
+-+--------------+------------+----------+
| |RTL Partition |Replication |Instances |
+-+--------------+------------+----------+
+-+--------------+------------+----------+
---------------------------------------------------------------------------------
Start IO Insertion
---------------------------------------------------------------------------------
---------------------------------------------------------------------------------
Start Flattening Before IO Insertion
---------------------------------------------------------------------------------
---------------------------------------------------------------------------------
Finished Flattening Before IO Insertion
---------------------------------------------------------------------------------
---------------------------------------------------------------------------------
Start Final Netlist Cleanup
---------------------------------------------------------------------------------
---------------------------------------------------------------------------------
Finished Final Netlist Cleanup
---------------------------------------------------------------------------------
---------------------------------------------------------------------------------
Finished IO Insertion : Time (s): cpu = 00:00:15 ; elapsed = 00:00:17 . Memory (MB): peak = 759.859 ; gain = 497.500
---------------------------------------------------------------------------------

Report Check Netlist: 
+------+------------------+-------+---------+-------+------------------+
|      |Item              |Errors |Warnings |Status |Description       |
+------+------------------+-------+---------+-------+------------------+
|1     |multi_driven_nets |      0|        0|Passed |Multi driven nets |
+------+------------------+-------+---------+-------+------------------+
---------------------------------------------------------------------------------
Start Renaming Generated Instances
---------------------------------------------------------------------------------
---------------------------------------------------------------------------------
Finished Renaming Generated Instances : Time (s): cpu = 00:00:15 ; elapsed = 00:00:17 . Memory (MB): peak = 759.859 ; gain = 497.500
---------------------------------------------------------------------------------

Report RTL Partitions: 
+-+--------------+------------+----------+
| |RTL Partition |Replication |Instances |
+-+--------------+------------+----------+
+-+--------------+------------+----------+
---------------------------------------------------------------------------------
Start Rebuilding User Hierarchy
---------------------------------------------------------------------------------
---------------------------------------------------------------------------------
Finished Rebuilding User Hierarchy : Time (s): cpu = 00:00:15 ; elapsed = 00:00:17 . Memory (MB): peak = 759.859 ; gain = 497.500
---------------------------------------------------------------------------------
---------------------------------------------------------------------------------
Start Renaming Generated Ports
---------------------------------------------------------------------------------
---------------------------------------------------------------------------------
Finished Renaming Generated Ports : Time (s): cpu = 00:00:15 ; elapsed = 00:00:17 . Memory (MB): peak = 759.859 ; gain = 497.500
---------------------------------------------------------------------------------
---------------------------------------------------------------------------------
Start Handling Custom Attributes
---------------------------------------------------------------------------------
---------------------------------------------------------------------------------
Finished Handling Custom Attributes : Time (s): cpu = 00:00:15 ; elapsed = 00:00:17 . Memory (MB): peak = 759.859 ; gain = 497.500
---------------------------------------------------------------------------------
---------------------------------------------------------------------------------
Start Renaming Generated Nets
---------------------------------------------------------------------------------
---------------------------------------------------------------------------------
Finished Renaming Generated Nets : Time (s): cpu = 00:00:15 ; elapsed = 00:00:17 . Memory (MB): peak = 759.859 ; gain = 497.500
---------------------------------------------------------------------------------
---------------------------------------------------------------------------------
Start Writing Synthesis Report
---------------------------------------------------------------------------------

Report BlackBoxes: 
+------+--------------+----------+
|      |BlackBox name |Instances |
+------+--------------+----------+
|1     |bin2bcd_0     |         2|
+------+--------------+----------+

Report Cell Usage: 
+------+-------------+------+
|      |Cell         |Count |
+------+-------------+------+
|1     |bin2bcd_0    |     1|
|2     |bin2bcd_0__1 |     1|
|3     |BUFG         |     1|
|4     |CARRY4       |    11|
|5     |LUT1         |     2|
|6     |LUT2         |    36|
|7     |LUT3         |     5|
|8     |LUT4         |    16|
|9     |LUT5         |     6|
|10    |LUT6         |    25|
|11    |FDRE         |    71|
|12    |IBUF         |     3|
|13    |OBUF         |    12|
+------+-------------+------+

Report Instance Areas: 
+------+--------------+-----------+------+
|      |Instance      |Module     |Cells |
+------+--------------+-----------+------+
|1     |top           |           |   204|
|2     |  cnter       |counter    |   120|
|3     |    detect    |pos_detect |     3|
|4     |  enc         |en_clock   |    25|
|5     |  x7seg1      |x7seg      |    27|
|6     |    x7seg_a_1 |x7seg_a    |     7|
+------+--------------+-----------+------+
---------------------------------------------------------------------------------
Finished Writing Synthesis Report : Time (s): cpu = 00:00:15 ; elapsed = 00:00:17 . Memory (MB): peak = 759.859 ; gain = 497.500
---------------------------------------------------------------------------------
Synthesis finished with 0 errors, 0 critical warnings and 0 warnings.
Synthesis Optimization Runtime : Time (s): cpu = 00:00:08 ; elapsed = 00:00:12 . Memory (MB): peak = 759.859 ; gain = 165.129
Synthesis Optimization Complete : Time (s): cpu = 00:00:15 ; elapsed = 00:00:17 . Memory (MB): peak = 759.859 ; gain = 497.500
INFO: [Project 1-571] Translating synthesized netlist
INFO: [Netlist 29-17] Analyzing 14 Unisim elements for replacement
INFO: [Netlist 29-28] Unisim Transformation completed in 0 CPU seconds
INFO: [Project 1-570] Preparing netlist for logic optimization
INFO: [Opt 31-138] Pushed 0 inverter(s) to 0 load pin(s).
INFO: [Project 1-111] Unisim Transformation Summary:
No Unisim elements were transformed.

INFO: [Common 17-83] Releasing license: Synthesis
28 Infos, 0 Warnings, 0 Critical Warnings and 0 Errors encountered.
synth_design completed successfully
synth_design: Time (s): cpu = 00:00:17 ; elapsed = 00:00:19 . Memory (MB): peak = 759.859 ; gain = 509.039
WARNING: [Constraints 18-5210] No constraint will be written out.
INFO: [Common 17-1381] The checkpoint 'D:/MyCodes/vivado/dig_clock/dig_clock.runs/synth_1/dig_clock.dcp' has been generated.
INFO: [runtcl-4] Executing : report_utilization -file dig_clock_utilization_synth.rpt -pb dig_clock_utilization_synth.pb
report_utilization: Time (s): cpu = 00:00:00 ; elapsed = 00:00:00.017 . Memory (MB): peak = 759.859 ; gain = 0.000
INFO: [Common 17-206] Exiting Vivado at Fri May 20 20:46:08 2022...
