Exception at PC 0x00007FFB11893B19
Exception at PC 0x00007FFB11893B19
Exception at PC 0x00007FFB11893B19
Exception at PC 0x00007FFB11893B19
Exception at PC 0x00007FFA9CFBE132
Attemped to write at address 0x00007FFAD8174AA4
Printing stacktrace...

[0]  [0x00007FFA9CFBE132]
[1]  [0x00007FFA9CFBE132]
[2]  [0x00007FFA9CFBE194]
[3]  [0x00007FFA9CC0D0D7]
[4]  [0x00007FFA9CAF2BCA]
[5]  [0x00007FFA9CAF2FD1]
[6]  [0x00007FFA9CFBEB2F]
[7]  [0x00007FFA9CE7C19D]
[8]  [0x00007FFA9CE75942]
[9]  [0x00007FFA9CE75AB5]
[10] (RtlActivateActivationContextUnsafeFast+0x121) [0x00007FFB14585021]
[11] (LdrShutdownProcess+0x132) [0x00007FFB145CB352]
[12] (RtlExitUserProcess+0xad) [0x00007FFB145CB1FD]
[13] (ExitProcess+0xa) [0x00007FFB13C0CDDA]
[14] (exit+0x85) [0x00007FFB13A4A245]
[15] (initterm_e+0x245) [0x00007FFB13A4A8B5]
[16]  [0x00000000004014CD]
[17]  [0x000000000040151B]
[18] (BaseThreadInitThunk+0x14) [0x00007FFB13C07C24]
[19] (RtlUserThreadStart+0x21) [0x00007FFB145CD721]
Done
