Vivado Simulator 2018.2
Time resolution is 1 ps
                  10          0: test pass!
                  20          1: test pass!
                  30          2: test pass!
                  40          3: test pass!
                  50          4: test pass!
                  60          5: test pass!
                  70          6: test pass!
                  80          7: test pass!
                  90          8: test pass!
                 100          9: test pass!
                 110         10: test pass!
                 120         11: test pass!
                 130         12: test pass!
                 140         13: test pass!
                 150         14: test pass!
                 160         15: test pass!
                 170         16: test pass!
                 180         17: test pass!
                 190         18: test pass!
                 200         19: test pass!
                 210         20: test pass!
                 220         21: test pass!
                 230         22: test pass!
                 240         23: test pass!
                 250         24: test pass!
                 260         25: test pass!
                 270         26: test pass!
                 280         27: test pass!
                 290         28: test pass!
